C:\USERS\HARRISON\DROPBOX\GIRO\SOFTWARE\OF_V0.8.1_VS_RELEASE\LIBS\OPENFRAMEWORKSCOMPILED\PROJECT\VS\OBJ\RELEASE\OFVBO.OBJ
C:\USERS\HARRISON\DROPBOX\GIRO\SOFTWARE\OF_V0.8.1_VS_RELEASE\LIBS\OPENFRAMEWORKSCOMPILED\PROJECT\VS\OBJ\RELEASE\OFTEXTURE.OBJ
C:\USERS\HARRISON\DROPBOX\GIRO\SOFTWARE\OF_V0.8.1_VS_RELEASE\LIBS\OPENFRAMEWORKSCOMPILED\PROJECT\VS\OBJ\RELEASE\OFSHADER.OBJ
C:\USERS\HARRISON\DROPBOX\GIRO\SOFTWARE\OF_V0.8.1_VS_RELEASE\LIBS\OPENFRAMEWORKSCOMPILED\PROJECT\VS\OBJ\RELEASE\OFGLPROGRAMMABLERENDERER.OBJ
C:\USERS\HARRISON\DROPBOX\GIRO\SOFTWARE\OF_V0.8.1_VS_RELEASE\LIBS\OPENFRAMEWORKSCOMPILED\PROJECT\VS\OBJ\RELEASE\OFMATERIAL.OBJ
C:\USERS\HARRISON\DROPBOX\GIRO\SOFTWARE\OF_V0.8.1_VS_RELEASE\LIBS\OPENFRAMEWORKSCOMPILED\PROJECT\VS\OBJ\RELEASE\OFLIGHT.OBJ
C:\USERS\HARRISON\DROPBOX\GIRO\SOFTWARE\OF_V0.8.1_VS_RELEASE\LIBS\OPENFRAMEWORKSCOMPILED\PROJECT\VS\OBJ\RELEASE\OFGLUTILS.OBJ
C:\USERS\HARRISON\DROPBOX\GIRO\SOFTWARE\OF_V0.8.1_VS_RELEASE\LIBS\OPENFRAMEWORKSCOMPILED\PROJECT\VS\OBJ\RELEASE\OFGLRENDERER.OBJ
C:\USERS\HARRISON\DROPBOX\GIRO\SOFTWARE\OF_V0.8.1_VS_RELEASE\LIBS\OPENFRAMEWORKSCOMPILED\PROJECT\VS\OBJ\RELEASE\OFFBO.OBJ
C:\USERS\HARRISON\DROPBOX\GIRO\SOFTWARE\OF_V0.8.1_VS_RELEASE\LIBS\OPENFRAMEWORKSCOMPILED\PROJECT\VS\OBJ\RELEASE\OFEVENTS.OBJ
C:\USERS\HARRISON\DROPBOX\GIRO\SOFTWARE\OF_V0.8.1_VS_RELEASE\LIBS\OPENFRAMEWORKSCOMPILED\PROJECT\VS\OBJ\RELEASE\OFAPPRUNNER.OBJ
C:\USERS\HARRISON\DROPBOX\GIRO\SOFTWARE\OF_V0.8.1_VS_RELEASE\LIBS\OPENFRAMEWORKSCOMPILED\PROJECT\VS\OBJ\RELEASE\OFAPPNOWINDOW.OBJ
C:\USERS\HARRISON\DROPBOX\GIRO\SOFTWARE\OF_V0.8.1_VS_RELEASE\LIBS\OPENFRAMEWORKSCOMPILED\PROJECT\VS\OBJ\RELEASE\OFAPPGLUTWINDOW.OBJ
C:\USERS\HARRISON\DROPBOX\GIRO\SOFTWARE\OF_V0.8.1_VS_RELEASE\LIBS\OPENFRAMEWORKSCOMPILED\PROJECT\VS\OBJ\RELEASE\OFAPPGLFWWINDOW.OBJ
C:\USERS\HARRISON\DROPBOX\GIRO\SOFTWARE\OF_V0.8.1_VS_RELEASE\LIBS\OPENFRAMEWORKSCOMPILED\PROJECT\VS\OBJ\RELEASE\OFNODE.OBJ
C:\USERS\HARRISON\DROPBOX\GIRO\SOFTWARE\OF_V0.8.1_VS_RELEASE\LIBS\OPENFRAMEWORKSCOMPILED\PROJECT\VS\OBJ\RELEASE\OFMESH.OBJ
C:\USERS\HARRISON\DROPBOX\GIRO\SOFTWARE\OF_V0.8.1_VS_RELEASE\LIBS\OPENFRAMEWORKSCOMPILED\PROJECT\VS\OBJ\RELEASE\OFEASYCAM.OBJ
C:\USERS\HARRISON\DROPBOX\GIRO\SOFTWARE\OF_V0.8.1_VS_RELEASE\LIBS\OPENFRAMEWORKSCOMPILED\PROJECT\VS\OBJ\RELEASE\OFCAMERA.OBJ
C:\USERS\HARRISON\DROPBOX\GIRO\SOFTWARE\OF_V0.8.1_VS_RELEASE\LIBS\OPENFRAMEWORKSCOMPILED\PROJECT\VS\OBJ\RELEASE\OF3DUTILS.OBJ
C:\USERS\HARRISON\DROPBOX\GIRO\SOFTWARE\OF_V0.8.1_VS_RELEASE\LIBS\OPENFRAMEWORKSCOMPILED\PROJECT\VS\OBJ\RELEASE\OF3DPRIMITIVES.OBJ
C:\USERS\HARRISON\DROPBOX\GIRO\SOFTWARE\OF_V0.8.1_VS_RELEASE\LIBS\OPENFRAMEWORKSCOMPILED\PROJECT\VS\OBJ\RELEASE\OFRTAUDIOSOUNDSTREAM.OBJ
C:\USERS\HARRISON\DROPBOX\GIRO\SOFTWARE\OF_V0.8.1_VS_RELEASE\LIBS\OPENFRAMEWORKSCOMPILED\PROJECT\VS\OBJ\RELEASE\OFFMODSOUNDPLAYER.OBJ
C:\USERS\HARRISON\DROPBOX\GIRO\SOFTWARE\OF_V0.8.1_VS_RELEASE\LIBS\OPENFRAMEWORKSCOMPILED\PROJECT\VS\OBJ\RELEASE\OFVEC4F.OBJ
C:\USERS\HARRISON\DROPBOX\GIRO\SOFTWARE\OF_V0.8.1_VS_RELEASE\LIBS\OPENFRAMEWORKSCOMPILED\PROJECT\VS\OBJ\RELEASE\OFVEC2F.OBJ
C:\USERS\HARRISON\DROPBOX\GIRO\SOFTWARE\OF_V0.8.1_VS_RELEASE\LIBS\OPENFRAMEWORKSCOMPILED\PROJECT\VS\OBJ\RELEASE\OFQUATERNION.OBJ
C:\USERS\HARRISON\DROPBOX\GIRO\SOFTWARE\OF_V0.8.1_VS_RELEASE\LIBS\OPENFRAMEWORKSCOMPILED\PROJECT\VS\OBJ\RELEASE\OFMATRIX4X4.OBJ
C:\USERS\HARRISON\DROPBOX\GIRO\SOFTWARE\OF_V0.8.1_VS_RELEASE\LIBS\OPENFRAMEWORKSCOMPILED\PROJECT\VS\OBJ\RELEASE\OFMATRIX3X3.OBJ
C:\USERS\HARRISON\DROPBOX\GIRO\SOFTWARE\OF_V0.8.1_VS_RELEASE\LIBS\OPENFRAMEWORKSCOMPILED\PROJECT\VS\OBJ\RELEASE\OFMATH.OBJ
C:\USERS\HARRISON\DROPBOX\GIRO\SOFTWARE\OF_V0.8.1_VS_RELEASE\LIBS\OPENFRAMEWORKSCOMPILED\PROJECT\VS\OBJ\RELEASE\OFTRUETYPEFONT.OBJ
C:\USERS\HARRISON\DROPBOX\GIRO\SOFTWARE\OF_V0.8.1_VS_RELEASE\LIBS\OPENFRAMEWORKSCOMPILED\PROJECT\VS\OBJ\RELEASE\OFTESSELLATOR.OBJ
C:\USERS\HARRISON\DROPBOX\GIRO\SOFTWARE\OF_V0.8.1_VS_RELEASE\LIBS\OPENFRAMEWORKSCOMPILED\PROJECT\VS\OBJ\RELEASE\OFRENDERERCOLLECTION.OBJ
C:\USERS\HARRISON\DROPBOX\GIRO\SOFTWARE\OF_V0.8.1_VS_RELEASE\LIBS\OPENFRAMEWORKSCOMPILED\PROJECT\VS\OBJ\RELEASE\OFPOLYLINE.OBJ
C:\USERS\HARRISON\DROPBOX\GIRO\SOFTWARE\OF_V0.8.1_VS_RELEASE\LIBS\OPENFRAMEWORKSCOMPILED\PROJECT\VS\OBJ\RELEASE\OFPIXELS.OBJ
C:\USERS\HARRISON\DROPBOX\GIRO\SOFTWARE\OF_V0.8.1_VS_RELEASE\LIBS\OPENFRAMEWORKSCOMPILED\PROJECT\VS\OBJ\RELEASE\OFPATH.OBJ
C:\USERS\HARRISON\DROPBOX\GIRO\SOFTWARE\OF_V0.8.1_VS_RELEASE\LIBS\OPENFRAMEWORKSCOMPILED\PROJECT\VS\OBJ\RELEASE\OFIMAGE.OBJ
C:\USERS\HARRISON\DROPBOX\GIRO\SOFTWARE\OF_V0.8.1_VS_RELEASE\LIBS\OPENFRAMEWORKSCOMPILED\PROJECT\VS\OBJ\RELEASE\OFGRAPHICS.OBJ
C:\USERS\HARRISON\DROPBOX\GIRO\SOFTWARE\OF_V0.8.1_VS_RELEASE\LIBS\OPENFRAMEWORKSCOMPILED\PROJECT\VS\OBJ\RELEASE\OFCAIRORENDERER.OBJ
C:\USERS\HARRISON\DROPBOX\GIRO\SOFTWARE\OF_V0.8.1_VS_RELEASE\LIBS\OPENFRAMEWORKSCOMPILED\PROJECT\VS\OBJ\RELEASE\OFBITMAPFONT.OBJ
C:\USERS\HARRISON\DROPBOX\GIRO\SOFTWARE\OF_V0.8.1_VS_RELEASE\LIBS\OPENFRAMEWORKSCOMPILED\PROJECT\VS\OBJ\RELEASE\OF3DGRAPHICS.OBJ
C:\USERS\HARRISON\DROPBOX\GIRO\SOFTWARE\OF_V0.8.1_VS_RELEASE\LIBS\OPENFRAMEWORKSCOMPILED\PROJECT\VS\OBJ\RELEASE\OFVBOMESH.OBJ
C:\USERS\HARRISON\DROPBOX\GIRO\SOFTWARE\OF_V0.8.1_VS_RELEASE\LIBS\OPENFRAMEWORKSCOMPILED\PROJECT\VS\OBJ\RELEASE\OFVIDEOGRABBER.OBJ
C:\USERS\HARRISON\DROPBOX\GIRO\SOFTWARE\OF_V0.8.1_VS_RELEASE\LIBS\OPENFRAMEWORKSCOMPILED\PROJECT\VS\OBJ\RELEASE\OFQUICKTIMEPLAYER.OBJ
C:\USERS\HARRISON\DROPBOX\GIRO\SOFTWARE\OF_V0.8.1_VS_RELEASE\LIBS\OPENFRAMEWORKSCOMPILED\PROJECT\VS\OBJ\RELEASE\OFQUICKTIMEGRABBER.OBJ
C:\USERS\HARRISON\DROPBOX\GIRO\SOFTWARE\OF_V0.8.1_VS_RELEASE\LIBS\OPENFRAMEWORKSCOMPILED\PROJECT\VS\OBJ\RELEASE\OFQTUTILS.OBJ
C:\USERS\HARRISON\DROPBOX\GIRO\SOFTWARE\OF_V0.8.1_VS_RELEASE\LIBS\OPENFRAMEWORKSCOMPILED\PROJECT\VS\OBJ\RELEASE\OFDIRECTSHOWGRABBER.OBJ
C:\USERS\HARRISON\DROPBOX\GIRO\SOFTWARE\OF_V0.8.1_VS_RELEASE\LIBS\OPENFRAMEWORKSCOMPILED\PROJECT\VS\OBJ\RELEASE\OFXML.OBJ
C:\USERS\HARRISON\DROPBOX\GIRO\SOFTWARE\OF_V0.8.1_VS_RELEASE\LIBS\OPENFRAMEWORKSCOMPILED\PROJECT\VS\OBJ\RELEASE\OFUTILS.OBJ
C:\USERS\HARRISON\DROPBOX\GIRO\SOFTWARE\OF_V0.8.1_VS_RELEASE\LIBS\OPENFRAMEWORKSCOMPILED\PROJECT\VS\OBJ\RELEASE\OFURLFILELOADER.OBJ
C:\USERS\HARRISON\DROPBOX\GIRO\SOFTWARE\OF_V0.8.1_VS_RELEASE\LIBS\OPENFRAMEWORKSCOMPILED\PROJECT\VS\OBJ\RELEASE\OFTHREAD.OBJ
C:\USERS\HARRISON\DROPBOX\GIRO\SOFTWARE\OF_V0.8.1_VS_RELEASE\LIBS\OPENFRAMEWORKSCOMPILED\PROJECT\VS\OBJ\RELEASE\OFSYSTEMUTILS.OBJ
C:\USERS\HARRISON\DROPBOX\GIRO\SOFTWARE\OF_V0.8.1_VS_RELEASE\LIBS\OPENFRAMEWORKSCOMPILED\PROJECT\VS\OBJ\RELEASE\OFMATRIXSTACK.OBJ
C:\USERS\HARRISON\DROPBOX\GIRO\SOFTWARE\OF_V0.8.1_VS_RELEASE\LIBS\OPENFRAMEWORKSCOMPILED\PROJECT\VS\OBJ\RELEASE\OFLOG.OBJ
C:\USERS\HARRISON\DROPBOX\GIRO\SOFTWARE\OF_V0.8.1_VS_RELEASE\LIBS\OPENFRAMEWORKSCOMPILED\PROJECT\VS\OBJ\RELEASE\OFFILEUTILS.OBJ
C:\USERS\HARRISON\DROPBOX\GIRO\SOFTWARE\OF_V0.8.1_VS_RELEASE\LIBS\OPENFRAMEWORKSCOMPILED\PROJECT\VS\OBJ\RELEASE\OFRECTANGLE.OBJ
C:\USERS\HARRISON\DROPBOX\GIRO\SOFTWARE\OF_V0.8.1_VS_RELEASE\LIBS\OPENFRAMEWORKSCOMPILED\PROJECT\VS\OBJ\RELEASE\OFPARAMETERGROUP.OBJ
C:\USERS\HARRISON\DROPBOX\GIRO\SOFTWARE\OF_V0.8.1_VS_RELEASE\LIBS\OPENFRAMEWORKSCOMPILED\PROJECT\VS\OBJ\RELEASE\OFPARAMETER.OBJ
C:\USERS\HARRISON\DROPBOX\GIRO\SOFTWARE\OF_V0.8.1_VS_RELEASE\LIBS\OPENFRAMEWORKSCOMPILED\PROJECT\VS\OBJ\RELEASE\OFCOLOR.OBJ
C:\USERS\HARRISON\DROPBOX\GIRO\SOFTWARE\OF_V0.8.1_VS_RELEASE\LIBS\OPENFRAMEWORKSCOMPILED\PROJECT\VS\OBJ\RELEASE\OFBASETYPES.OBJ
C:\USERS\HARRISON\DROPBOX\GIRO\SOFTWARE\OF_V0.8.1_VS_RELEASE\LIBS\OPENFRAMEWORKSCOMPILED\PROJECT\VS\OBJ\RELEASE\OFSOUNDSTREAM.OBJ
C:\USERS\HARRISON\DROPBOX\GIRO\SOFTWARE\OF_V0.8.1_VS_RELEASE\LIBS\OPENFRAMEWORKSCOMPILED\PROJECT\VS\OBJ\RELEASE\OFSOUNDPLAYER.OBJ
C:\USERS\HARRISON\DROPBOX\GIRO\SOFTWARE\OF_V0.8.1_VS_RELEASE\LIBS\OPENFRAMEWORKSCOMPILED\PROJECT\VS\OBJ\RELEASE\OFSERIAL.OBJ
C:\USERS\HARRISON\DROPBOX\GIRO\SOFTWARE\OF_V0.8.1_VS_RELEASE\LIBS\OPENFRAMEWORKSCOMPILED\PROJECT\VS\OBJ\RELEASE\OFARDUINO.OBJ
C:\USERS\HARRISON\DROPBOX\GIRO\SOFTWARE\OF_V0.8.1_VS_RELEASE\LIBS\OPENFRAMEWORKSCOMPILED\PROJECT\VS\OBJ\RELEASE\OFVIDEOPLAYER.OBJ
C:\USERS\HARRISON\DROPBOX\GIRO\SOFTWARE\OF_V0.8.1_VS_RELEASE\LIBS\OPENFRAMEWORKSCOMPILED\PROJECT\VS\OBJ\RELEASE\VC110.PDB
C:\USERS\HARRISON\DROPBOX\GIRO\SOFTWARE\OF_V0.8.1_VS_RELEASE\LIBS\OPENFRAMEWORKSCOMPILED\LIB\VS\OPENFRAMEWORKSLIB.LIB
C:\Users\Harrison\Dropbox\Giro\Software\of_v0.8.1_vs_release\libs\openFrameworksCompiled\project\vs\obj\Release\of3dGraphics.obj
C:\Users\Harrison\Dropbox\Giro\Software\of_v0.8.1_vs_release\libs\openFrameworksCompiled\project\vs\obj\Release\of3dPrimitives.obj
C:\Users\Harrison\Dropbox\Giro\Software\of_v0.8.1_vs_release\libs\openFrameworksCompiled\project\vs\obj\Release\of3dUtils.obj
C:\Users\Harrison\Dropbox\Giro\Software\of_v0.8.1_vs_release\libs\openFrameworksCompiled\project\vs\obj\Release\ofAppGLFWWindow.obj
C:\Users\Harrison\Dropbox\Giro\Software\of_v0.8.1_vs_release\libs\openFrameworksCompiled\project\vs\obj\Release\ofAppGlutWindow.obj
C:\Users\Harrison\Dropbox\Giro\Software\of_v0.8.1_vs_release\libs\openFrameworksCompiled\project\vs\obj\Release\ofAppNoWindow.obj
C:\Users\Harrison\Dropbox\Giro\Software\of_v0.8.1_vs_release\libs\openFrameworksCompiled\project\vs\obj\Release\ofAppRunner.obj
C:\Users\Harrison\Dropbox\Giro\Software\of_v0.8.1_vs_release\libs\openFrameworksCompiled\project\vs\obj\Release\ofArduino.obj
C:\Users\Harrison\Dropbox\Giro\Software\of_v0.8.1_vs_release\libs\openFrameworksCompiled\project\vs\obj\Release\ofBaseTypes.obj
C:\Users\Harrison\Dropbox\Giro\Software\of_v0.8.1_vs_release\libs\openFrameworksCompiled\project\vs\obj\Release\ofBitmapFont.obj
C:\Users\Harrison\Dropbox\Giro\Software\of_v0.8.1_vs_release\libs\openFrameworksCompiled\project\vs\obj\Release\ofCairoRenderer.obj
C:\Users\Harrison\Dropbox\Giro\Software\of_v0.8.1_vs_release\libs\openFrameworksCompiled\project\vs\obj\Release\ofCamera.obj
C:\Users\Harrison\Dropbox\Giro\Software\of_v0.8.1_vs_release\libs\openFrameworksCompiled\project\vs\obj\Release\ofColor.obj
C:\Users\Harrison\Dropbox\Giro\Software\of_v0.8.1_vs_release\libs\openFrameworksCompiled\project\vs\obj\Release\ofDirectShowGrabber.obj
C:\Users\Harrison\Dropbox\Giro\Software\of_v0.8.1_vs_release\libs\openFrameworksCompiled\project\vs\obj\Release\ofEasyCam.obj
C:\Users\Harrison\Dropbox\Giro\Software\of_v0.8.1_vs_release\libs\openFrameworksCompiled\project\vs\obj\Release\ofEvents.obj
C:\Users\Harrison\Dropbox\Giro\Software\of_v0.8.1_vs_release\libs\openFrameworksCompiled\project\vs\obj\Release\ofFbo.obj
C:\Users\Harrison\Dropbox\Giro\Software\of_v0.8.1_vs_release\libs\openFrameworksCompiled\project\vs\obj\Release\ofFileUtils.obj
C:\Users\Harrison\Dropbox\Giro\Software\of_v0.8.1_vs_release\libs\openFrameworksCompiled\project\vs\obj\Release\ofFmodSoundPlayer.obj
C:\Users\Harrison\Dropbox\Giro\Software\of_v0.8.1_vs_release\libs\openFrameworksCompiled\project\vs\obj\Release\ofGLProgrammableRenderer.obj
C:\Users\Harrison\Dropbox\Giro\Software\of_v0.8.1_vs_release\libs\openFrameworksCompiled\project\vs\obj\Release\ofGLRenderer.obj
C:\Users\Harrison\Dropbox\Giro\Software\of_v0.8.1_vs_release\libs\openFrameworksCompiled\project\vs\obj\Release\ofGLUtils.obj
C:\Users\Harrison\Dropbox\Giro\Software\of_v0.8.1_vs_release\libs\openFrameworksCompiled\project\vs\obj\Release\ofGraphics.obj
C:\Users\Harrison\Dropbox\Giro\Software\of_v0.8.1_vs_release\libs\openFrameworksCompiled\project\vs\obj\Release\ofImage.obj
C:\Users\Harrison\Dropbox\Giro\Software\of_v0.8.1_vs_release\libs\openFrameworksCompiled\project\vs\obj\Release\ofLight.obj
C:\Users\Harrison\Dropbox\Giro\Software\of_v0.8.1_vs_release\libs\openFrameworksCompiled\project\vs\obj\Release\ofLog.obj
C:\Users\Harrison\Dropbox\Giro\Software\of_v0.8.1_vs_release\libs\openFrameworksCompiled\project\vs\obj\Release\ofMaterial.obj
C:\Users\Harrison\Dropbox\Giro\Software\of_v0.8.1_vs_release\libs\openFrameworksCompiled\project\vs\obj\Release\ofMath.obj
C:\Users\Harrison\Dropbox\Giro\Software\of_v0.8.1_vs_release\libs\openFrameworksCompiled\project\vs\obj\Release\ofMatrix3x3.obj
C:\Users\Harrison\Dropbox\Giro\Software\of_v0.8.1_vs_release\libs\openFrameworksCompiled\project\vs\obj\Release\ofMatrix4x4.obj
C:\Users\Harrison\Dropbox\Giro\Software\of_v0.8.1_vs_release\libs\openFrameworksCompiled\project\vs\obj\Release\ofMatrixStack.obj
C:\Users\Harrison\Dropbox\Giro\Software\of_v0.8.1_vs_release\libs\openFrameworksCompiled\project\vs\obj\Release\ofMesh.obj
C:\Users\Harrison\Dropbox\Giro\Software\of_v0.8.1_vs_release\libs\openFrameworksCompiled\project\vs\obj\Release\ofNode.obj
C:\Users\Harrison\Dropbox\Giro\Software\of_v0.8.1_vs_release\libs\openFrameworksCompiled\project\vs\obj\Release\ofParameter.obj
C:\Users\Harrison\Dropbox\Giro\Software\of_v0.8.1_vs_release\libs\openFrameworksCompiled\project\vs\obj\Release\ofParameterGroup.obj
C:\Users\Harrison\Dropbox\Giro\Software\of_v0.8.1_vs_release\libs\openFrameworksCompiled\project\vs\obj\Release\ofPath.obj
C:\Users\Harrison\Dropbox\Giro\Software\of_v0.8.1_vs_release\libs\openFrameworksCompiled\project\vs\obj\Release\ofPixels.obj
C:\Users\Harrison\Dropbox\Giro\Software\of_v0.8.1_vs_release\libs\openFrameworksCompiled\project\vs\obj\Release\ofPolyline.obj
C:\Users\Harrison\Dropbox\Giro\Software\of_v0.8.1_vs_release\libs\openFrameworksCompiled\project\vs\obj\Release\ofQtUtils.obj
C:\Users\Harrison\Dropbox\Giro\Software\of_v0.8.1_vs_release\libs\openFrameworksCompiled\project\vs\obj\Release\ofQuaternion.obj
C:\Users\Harrison\Dropbox\Giro\Software\of_v0.8.1_vs_release\libs\openFrameworksCompiled\project\vs\obj\Release\ofQuickTimeGrabber.obj
C:\Users\Harrison\Dropbox\Giro\Software\of_v0.8.1_vs_release\libs\openFrameworksCompiled\project\vs\obj\Release\ofQuickTimePlayer.obj
C:\Users\Harrison\Dropbox\Giro\Software\of_v0.8.1_vs_release\libs\openFrameworksCompiled\project\vs\obj\Release\ofRectangle.obj
C:\Users\Harrison\Dropbox\Giro\Software\of_v0.8.1_vs_release\libs\openFrameworksCompiled\project\vs\obj\Release\ofRendererCollection.obj
C:\Users\Harrison\Dropbox\Giro\Software\of_v0.8.1_vs_release\libs\openFrameworksCompiled\project\vs\obj\Release\ofRtAudioSoundStream.obj
C:\Users\Harrison\Dropbox\Giro\Software\of_v0.8.1_vs_release\libs\openFrameworksCompiled\project\vs\obj\Release\ofSerial.obj
C:\Users\Harrison\Dropbox\Giro\Software\of_v0.8.1_vs_release\libs\openFrameworksCompiled\project\vs\obj\Release\ofShader.obj
C:\Users\Harrison\Dropbox\Giro\Software\of_v0.8.1_vs_release\libs\openFrameworksCompiled\project\vs\obj\Release\ofSoundPlayer.obj
C:\Users\Harrison\Dropbox\Giro\Software\of_v0.8.1_vs_release\libs\openFrameworksCompiled\project\vs\obj\Release\ofSoundStream.obj
C:\Users\Harrison\Dropbox\Giro\Software\of_v0.8.1_vs_release\libs\openFrameworksCompiled\project\vs\obj\Release\ofSystemUtils.obj
C:\Users\Harrison\Dropbox\Giro\Software\of_v0.8.1_vs_release\libs\openFrameworksCompiled\project\vs\obj\Release\ofTessellator.obj
C:\Users\Harrison\Dropbox\Giro\Software\of_v0.8.1_vs_release\libs\openFrameworksCompiled\project\vs\obj\Release\ofTexture.obj
C:\Users\Harrison\Dropbox\Giro\Software\of_v0.8.1_vs_release\libs\openFrameworksCompiled\project\vs\obj\Release\ofThread.obj
C:\Users\Harrison\Dropbox\Giro\Software\of_v0.8.1_vs_release\libs\openFrameworksCompiled\project\vs\obj\Release\ofTrueTypeFont.obj
C:\Users\Harrison\Dropbox\Giro\Software\of_v0.8.1_vs_release\libs\openFrameworksCompiled\project\vs\obj\Release\ofURLFileLoader.obj
C:\Users\Harrison\Dropbox\Giro\Software\of_v0.8.1_vs_release\libs\openFrameworksCompiled\project\vs\obj\Release\ofUtils.obj
C:\Users\Harrison\Dropbox\Giro\Software\of_v0.8.1_vs_release\libs\openFrameworksCompiled\project\vs\obj\Release\ofVbo.obj
C:\Users\Harrison\Dropbox\Giro\Software\of_v0.8.1_vs_release\libs\openFrameworksCompiled\project\vs\obj\Release\ofVboMesh.obj
C:\Users\Harrison\Dropbox\Giro\Software\of_v0.8.1_vs_release\libs\openFrameworksCompiled\project\vs\obj\Release\ofVec2f.obj
C:\Users\Harrison\Dropbox\Giro\Software\of_v0.8.1_vs_release\libs\openFrameworksCompiled\project\vs\obj\Release\ofVec4f.obj
C:\Users\Harrison\Dropbox\Giro\Software\of_v0.8.1_vs_release\libs\openFrameworksCompiled\project\vs\obj\Release\ofVideoGrabber.obj
C:\Users\Harrison\Dropbox\Giro\Software\of_v0.8.1_vs_release\libs\openFrameworksCompiled\project\vs\obj\Release\ofVideoPlayer.obj
C:\Users\Harrison\Dropbox\Giro\Software\of_v0.8.1_vs_release\libs\openFrameworksCompiled\project\vs\obj\Release\ofXml.obj
C:\Users\Harrison\Dropbox\Giro\Software\of_v0.8.1_vs_release\libs\openFrameworksCompiled\project\vs\obj\Release\cl.command.1.tlog
C:\Users\Harrison\Dropbox\Giro\Software\of_v0.8.1_vs_release\libs\openFrameworksCompiled\project\vs\obj\Release\CL.read.1.tlog
C:\Users\Harrison\Dropbox\Giro\Software\of_v0.8.1_vs_release\libs\openFrameworksCompiled\project\vs\obj\Release\CL.write.1.tlog
C:\Users\Harrison\Dropbox\Giro\Software\of_v0.8.1_vs_release\libs\openFrameworksCompiled\project\vs\obj\Release\Lib-link.read.1.tlog
C:\Users\Harrison\Dropbox\Giro\Software\of_v0.8.1_vs_release\libs\openFrameworksCompiled\project\vs\obj\Release\Lib-link.write.1.tlog
C:\Users\Harrison\Dropbox\Giro\Software\of_v0.8.1_vs_release\libs\openFrameworksCompiled\project\vs\obj\Release\lib.command.1.tlog
C:\Users\Harrison\Dropbox\Giro\Software\of_v0.8.1_vs_release\libs\openFrameworksCompiled\project\vs\obj\Release\vc110.pdb
C:\Users\Harrison\Dropbox\Giro\Software\of_v0.8.1_vs_release\libs\openFrameworksCompiled\project\vs\..\..\lib\vs\openframeworksLib.lib
