C:\USERS\HARRISON\DESKTOP\OF_V0.8.1_VS_RELEASE\APPS\MYAPPS\GIRO\OBJ\RELEASE\OFAPP.OBJ
C:\USERS\HARRISON\DESKTOP\OF_V0.8.1_VS_RELEASE\APPS\MYAPPS\GIRO\OBJ\RELEASE\MAIN.OBJ
C:\USERS\HARRISON\DESKTOP\OF_V0.8.1_VS_RELEASE\APPS\MYAPPS\GIRO\OBJ\RELEASE\VC110.PDB
C:\Users\Harrison\Desktop\of_v0.8.1_vs_release\apps\myApps\Giro\bin\Giro.lib
C:\Users\Harrison\Desktop\of_v0.8.1_vs_release\apps\myApps\Giro\bin\Giro.exp
C:\USERS\HARRISON\DESKTOP\OF_V0.8.1_VS_RELEASE\APPS\MYAPPS\GIRO\BIN\GIRO.EXE
C:\USERS\HARRISON\DESKTOP\OF_V0.8.1_VS_RELEASE\APPS\MYAPPS\GIRO\OBJ\RELEASE\ICON.RES
C:\Users\Harrison\Desktop\Giro\of_v0.8.1_vs_release\apps\myApps\Giro\obj\Release\Giro.vcxprojResolveAssemblyReference.cache
C:\Users\Harrison\Desktop\Giro\of_v0.8.1_vs_release\apps\myApps\Giro\obj\Release\main.obj
C:\Users\Harrison\Desktop\Giro\of_v0.8.1_vs_release\apps\myApps\Giro\obj\Release\ofApp.obj
C:\Users\Harrison\Desktop\Giro\of_v0.8.1_vs_release\apps\myApps\Giro\obj\Release\cl.command.1.tlog
C:\Users\Harrison\Desktop\Giro\of_v0.8.1_vs_release\apps\myApps\Giro\obj\Release\CL.read.1.tlog
C:\Users\Harrison\Desktop\Giro\of_v0.8.1_vs_release\apps\myApps\Giro\obj\Release\CL.write.1.tlog
C:\Users\Harrison\Desktop\Giro\of_v0.8.1_vs_release\apps\myApps\Giro\obj\Release\Giro.write.1.tlog
C:\Users\Harrison\Desktop\Giro\of_v0.8.1_vs_release\apps\myApps\Giro\obj\Release\link-cvtres.read.1.tlog
C:\Users\Harrison\Desktop\Giro\of_v0.8.1_vs_release\apps\myApps\Giro\obj\Release\link-cvtres.write.1.tlog
C:\Users\Harrison\Desktop\Giro\of_v0.8.1_vs_release\apps\myApps\Giro\obj\Release\link-rc.read.1.tlog
C:\Users\Harrison\Desktop\Giro\of_v0.8.1_vs_release\apps\myApps\Giro\obj\Release\link-rc.write.1.tlog
C:\Users\Harrison\Desktop\Giro\of_v0.8.1_vs_release\apps\myApps\Giro\obj\Release\link.command.1.tlog
C:\Users\Harrison\Desktop\Giro\of_v0.8.1_vs_release\apps\myApps\Giro\obj\Release\link.read.1.tlog
C:\Users\Harrison\Desktop\Giro\of_v0.8.1_vs_release\apps\myApps\Giro\obj\Release\link.write.1.tlog
C:\Users\Harrison\Desktop\Giro\of_v0.8.1_vs_release\apps\myApps\Giro\obj\Release\rc.command.1.tlog
C:\Users\Harrison\Desktop\Giro\of_v0.8.1_vs_release\apps\myApps\Giro\obj\Release\rc.read.1.tlog
C:\Users\Harrison\Desktop\Giro\of_v0.8.1_vs_release\apps\myApps\Giro\obj\Release\rc.write.1.tlog
C:\Users\Harrison\Desktop\Giro\of_v0.8.1_vs_release\apps\myApps\Giro\obj\Release\icon.res
C:\Users\Harrison\Desktop\Giro\of_v0.8.1_vs_release\apps\myApps\Giro\obj\Release\vc110.pdb
C:\Users\Harrison\Desktop\Giro\of_v0.8.1_vs_release\apps\myApps\Giro\bin\Giro.exe
